<?xml version="1.0" encoding="UTF-8"?>
<!-- Generated by org.testng.reporters.JUnitReportReporter -->
<testsuite hostname="hp" failures="0" tests="3" name="org.petstore.RestServices" time="8.986" errors="0" timestamp="2024-01-06T18:13:20 IST" skipped="0">
  <testcase classname="org.petstore.RestServices" name="addPet" time="1.480"/>
  <testcase classname="org.petstore.RestServices" name="addPet" time="6.001"/>
  <testcase classname="org.petstore.RestServices" name="retrivePet" time="1.505"/>
</testsuite> <!-- org.petstore.RestServices -->
