<?xml version="1.0" encoding="UTF-8"?>
<!-- Generated by org.testng.reporters.JUnitReportReporter -->
<testsuite hostname="hp" failures="0" tests="2" name="org.petstore.RestServices2" time="6.441" errors="0" timestamp="2024-01-08T11:19:37 IST" skipped="0">
  <testcase classname="org.petstore.RestServices2" name="addPet" time="5.110"/>
  <testcase classname="org.petstore.RestServices2" name="retrievePet" time="1.331"/>
</testsuite> <!-- org.petstore.RestServices2 -->
